<?xml version="1.0" encoding="UTF-8"?>
<!-- Generated by org.testng.reporters.JUnitReportReporter -->
<testsuite skipped="0" hostname="C02XHPVYJHC8" name="com.qa.Tests.DemoTests" tests="4" failures="0" timestamp="2020-03-19T16:52:37 IST" time="0.012" errors="0">
  <testcase name="Div" time="0.009" classname="com.qa.Tests.DemoTests"/>
  <system-out/>
  <testcase name="Sum" time="0.001" classname="com.qa.Tests.DemoTests"/>
  <system-out/>
  <testcase name="multiply" time="0.001" classname="com.qa.Tests.DemoTests"/>
  <system-out/>
  <testcase name="Sub" time="0.001" classname="com.qa.Tests.DemoTests"/>
  <system-out/>
</testsuite> <!-- com.qa.Tests.DemoTests -->
