<?xml version="1.0" encoding="UTF-8"?>
<!-- Generated by org.testng.reporters.JUnitReportReporter -->
<testsuite skipped="0" hostname="C02XHPVYJHC8" name="com.qa.Tests.DemoTest" tests="4" failures="0" timestamp="2020-03-20T11:23:26 IST" time="0.010" errors="0">
  <testcase name="Sum" time="0.000" classname="com.qa.Tests.DemoTest"/>
  <system-out/>
  <testcase name="multiply" time="0.000" classname="com.qa.Tests.DemoTest"/>
  <system-out/>
  <testcase name="Div" time="0.010" classname="com.qa.Tests.DemoTest"/>
  <system-out/>
  <testcase name="Sub" time="0.000" classname="com.qa.Tests.DemoTest"/>
  <system-out/>
</testsuite> <!-- com.qa.Tests.DemoTest -->
